#
# There is insufficient memory for the Java Runtime Environment to continue.
# Native memory allocation (mmap) failed to map 47185920 bytes for committing reserved memory.
# Possible reasons:
#   The system is out of physical RAM or swap space
#   In 32 bit mode, the process size limit was hit
# Possible solutions:
#   Reduce memory load on the system
#   Increase physical memory or swap space
#   Check if swap backing store is full
#   Use 64 bit Java on a 64 bit OS
#   Decrease Java heap size (-Xmx/-Xms)
#   Decrease number of Java threads
#   Decrease Java thread stack sizes (-Xss)
#   Set larger code cache with -XX:ReservedCodeCacheSize=
# This output file may be truncated or incomplete.
#
#  Out of Memory Error (os_linux.cpp:2640), pid=21111, tid=0x00007f7dc0d81700
#
# JRE version: Java(TM) SE Runtime Environment (8.0_172-b11) (build 1.8.0_172-b11)
# Java VM: Java HotSpot(TM) 64-Bit Server VM (25.172-b11 mixed mode linux-amd64 compressed oops)
# Failed to write core dump. Core dumps have been disabled. To enable core dumping, try "ulimit -c unlimited" before starting Java again
#

---------------  T H R E A D  ---------------

Current thread (0x00007f7de4078800):  VMThread [stack: 0x00007f7dc0c81000,0x00007f7dc0d82000] [id=21119]

Stack: [0x00007f7dc0c81000,0x00007f7dc0d82000],  sp=0x00007f7dc0d801f0,  free space=1020k
Native frames: (J=compiled Java code, j=interpreted, Vv=VM code, C=native code)
V  [libjvm.so+0xad221a]  VMError::report_and_die()+0x2ba
V  [libjvm.so+0x50185b]  report_vm_out_of_memory(char const*, int, unsigned long, VMErrorType, char const*)+0x8b
V  [libjvm.so+0x92fee3]  os::Linux::commit_memory_impl(char*, unsigned long, bool)+0x123
V  [libjvm.so+0x930109]  os::pd_commit_memory(char*, unsigned long, unsigned long, bool)+0x29
V  [libjvm.so+0x9273ca]  os::commit_memory(char*, unsigned long, unsigned long, bool)+0x2a
V  [libjvm.so+0x99d363]  PSVirtualSpace::expand_by(unsigned long)+0x53
V  [libjvm.so+0x99e768]  PSYoungGen::resize_generation(unsigned long, unsigned long)+0xf8
V  [libjvm.so+0x99d8c2]  PSYoungGen::resize(unsigned long, unsigned long)+0x22
V  [libjvm.so+0x99ab9b]  PSScavenge::invoke_no_policy()+0xf3b
V  [libjvm.so+0x995e45]  PSParallelCompact::invoke(bool)+0x85
V  [libjvm.so+0xad3dd8]  VM_ParallelGCSystemGC::doit()+0xa8
V  [libjvm.so+0xadb7b5]  VM_Operation::evaluate()+0x55
V  [libjvm.so+0xad9b7a]  VMThread::evaluate_operation(VM_Operation*)+0xba
V  [libjvm.so+0xad9efe]  VMThread::loop()+0x1ce
V  [libjvm.so+0xada370]  VMThread::run()+0x70
V  [libjvm.so+0x930248]  java_start(Thread*)+0x108

VM_Operation (0x00007f7deb22b880): ParallelGCSystemGC, mode: safepoint, requested by thread 0x00007f7de400a800


---------------  P R O C E S S  ---------------

Java Threads: ( => current thread )
  0x00007f7de48cf000 JavaThread "resolver-4" daemon [_thread_blocked, id=21149, stack(0x00007f7d93eff000,0x00007f7d94000000)]
  0x00007f7de49f9800 JavaThread "resolver-3" daemon [_thread_blocked, id=21148, stack(0x00007f7d9804a000,0x00007f7d9814b000)]
  0x00007f7de4c29000 JavaThread "resolver-2" daemon [_thread_blocked, id=21147, stack(0x00007f7d93cfd000,0x00007f7d93dfe000)]
  0x00007f7de4c27800 JavaThread "resolver-1" daemon [_thread_blocked, id=21146, stack(0x00007f7d93bfc000,0x00007f7d93cfd000)]
  0x00007f7de45d5800 JavaThread "process reaper" daemon [_thread_blocked, id=21129, stack(0x00007f7dc001a000,0x00007f7dc0053000)]
  0x00007f7de40d1000 JavaThread "Service Thread" daemon [_thread_blocked, id=21126, stack(0x00007f7dc03df000,0x00007f7dc04e0000)]
  0x00007f7de40be000 JavaThread "C1 CompilerThread2" daemon [_thread_blocked, id=21125, stack(0x00007f7dc04e0000,0x00007f7dc05e1000)]
  0x00007f7de40bc000 JavaThread "C2 CompilerThread1" daemon [_thread_blocked, id=21124, stack(0x00007f7dc05e1000,0x00007f7dc06e2000)]
  0x00007f7de40b9000 JavaThread "C2 CompilerThread0" daemon [_thread_blocked, id=21123, stack(0x00007f7dc06e2000,0x00007f7dc07e3000)]
  0x00007f7de40b7800 JavaThread "Signal Dispatcher" daemon [_thread_blocked, id=21122, stack(0x00007f7dc07e3000,0x00007f7dc08e4000)]
  0x00007f7de4085000 JavaThread "Finalizer" daemon [_thread_blocked, id=21121, stack(0x00007f7dc0a7f000,0x00007f7dc0b80000)]
  0x00007f7de4082000 JavaThread "Reference Handler" daemon [_thread_blocked, id=21120, stack(0x00007f7dc0b80000,0x00007f7dc0c81000)]
  0x00007f7de400a800 JavaThread "main" [_thread_blocked, id=21114, stack(0x00007f7deb12d000,0x00007f7deb22e000)]

Other Threads:
=>0x00007f7de4078800 VMThread [stack: 0x00007f7dc0c81000,0x00007f7dc0d82000] [id=21119]
  0x00007f7de40d6000 WatcherThread [stack: 0x00007f7dc02de000,0x00007f7dc03df000] [id=21127]

VM state:at safepoint (normal execution)

VM Mutex/Monitor currently owned by a thread:  ([mutex/lock_event])
[0x00007f7de4006f40] Threads_lock - owner thread: 0x00007f7de4078800
[0x00007f7de4007440] Heap_lock - owner thread: 0x00007f7de400a800

Heap:
 PSYoungGen      total 135168K, used 8694K [0x00000000ebe00000, 0x00000000f4b00000, 0x0000000100000000)
  eden space 126464K, 0% used [0x00000000ebe00000,0x00000000ebe00000,0x00000000f3980000)
  from space 8704K, 99% used [0x00000000f3980000,0x00000000f41fda40,0x00000000f4200000)
  to   space 8192K, 0% used [0x00000000f4200000,0x00000000f4200000,0x00000000f4a00000)
 ParOldGen       total 39424K, used 13687K [0x00000000c3a00000, 0x00000000c6080000, 0x00000000ebe00000)
  object space 39424K, 34% used [0x00000000c3a00000,0x00000000c475dc10,0x00000000c6080000)
 Metaspace       used 27125K, capacity 27954K, committed 28288K, reserved 1073152K
  class space    used 3305K, capacity 3604K, committed 3712K, reserved 1048576K

Card table byte_map: [0x00007f7de80e2000,0x00007f7de82c6000] byte_map_base: 0x00007f7de7ac5000

Marking Bits: (ParMarkBitMap*) 0x00007f7dea63ade0
 Begin Bits: [0x00007f7dc21d0000, 0x00007f7dc30e8000)
 End Bits:   [0x00007f7dc30e8000, 0x00007f7dc4000000)

Polling page: 0x00007f7deb25d000

CodeCache: size=245760Kb used=12078Kb max_used=12078Kb free=233681Kb
 bounds [0x00007f7dd5000000, 0x00007f7dd5be0000, 0x00007f7de4000000]
 total_blobs=4004 nmethods=3573 adapters=342
 compilation: enabled

Compilation events (10 events):
Event: 21,569 Thread 0x00007f7de40be000 4076       1       java.util.Calendar::internalSet (8 bytes)
Event: 21,577 Thread 0x00007f7de40be000 nmethod 4076 0x00007f7dd5bcb990 code [0x00007f7dd5bcbae0, 0x00007f7dd5bcbc10]
Event: 21,577 Thread 0x00007f7de40be000 4077       3       sun.util.calendar.ZoneInfo::getTransitionIndex (156 bytes)
Event: 21,585 Thread 0x00007f7de40be000 nmethod 4077 0x00007f7dd5bcc1d0 code [0x00007f7dd5bcc360, 0x00007f7dd5bcc830]
Event: 21,585 Thread 0x00007f7de40be000 4080       1       java.util.Calendar::getZone (5 bytes)
Event: 21,585 Thread 0x00007f7de40be000 nmethod 4080 0x00007f7dd5b98b10 code [0x00007f7dd5b98c60, 0x00007f7dd5b98d70]
Event: 21,585 Thread 0x00007f7de40be000 4078       1       java.util.Calendar::getFirstDayOfWeek (5 bytes)
Event: 21,585 Thread 0x00007f7de40be000 nmethod 4078 0x00007f7dd5bccbd0 code [0x00007f7dd5bccd20, 0x00007f7dd5bcce30]
Event: 21,585 Thread 0x00007f7de40be000 4079       1       java.util.Calendar::getMinimalDaysInFirstWeek (5 bytes)
Event: 21,586 Thread 0x00007f7de40be000 nmethod 4079 0x00007f7dd5bcce90 code [0x00007f7dd5bccfe0, 0x00007f7dd5bcd0f0]

GC Heap History (10 events):
Event: 3,923 GC heap after
Heap after GC invocations=5 (full 0):
 PSYoungGen      total 34304K, used 2544K [0x00000000ebe00000, 0x00000000f0b00000, 0x0000000100000000)
  eden space 31744K, 0% used [0x00000000ebe00000,0x00000000ebe00000,0x00000000edd00000)
  from space 2560K, 99% used [0x00000000edd00000,0x00000000edf7c010,0x00000000edf80000)
  to   space 7680K, 0% used [0x00000000f0380000,0x00000000f0380000,0x00000000f0b00000)
 ParOldGen       total 42496K, used 10148K [0x00000000c3a00000, 0x00000000c6380000, 0x00000000ebe00000)
  object space 42496K, 23% used [0x00000000c3a00000,0x00000000c43e91a8,0x00000000c6380000)
 Metaspace       used 16199K, capacity 16614K, committed 16768K, reserved 1064960K
  class space    used 1967K, capacity 2095K, committed 2176K, reserved 1048576K
}
Event: 7,917 GC heap before
{Heap before GC invocations=6 (full 0):
 PSYoungGen      total 34304K, used 34288K [0x00000000ebe00000, 0x00000000f0b00000, 0x0000000100000000)
  eden space 31744K, 100% used [0x00000000ebe00000,0x00000000edd00000,0x00000000edd00000)
  from space 2560K, 99% used [0x00000000edd00000,0x00000000edf7c010,0x00000000edf80000)
  to   space 7680K, 0% used [0x00000000f0380000,0x00000000f0380000,0x00000000f0b00000)
 ParOldGen       total 42496K, used 10148K [0x00000000c3a00000, 0x00000000c6380000, 0x00000000ebe00000)
  object space 42496K, 23% used [0x00000000c3a00000,0x00000000c43e91a8,0x00000000c6380000)
 Metaspace       used 17912K, capacity 18378K, committed 18560K, reserved 1064960K
  class space    used 2208K, capacity 2361K, committed 2432K, reserved 1048576K
Event: 7,955 GC heap after
Heap after GC invocations=6 (full 0):
 PSYoungGen      total 71168K, used 5396K [0x00000000ebe00000, 0x00000000f0b00000, 0x0000000100000000)
  eden space 63488K, 0% used [0x00000000ebe00000,0x00000000ebe00000,0x00000000efc00000)
  from space 7680K, 70% used [0x00000000f0380000,0x00000000f08c5200,0x00000000f0b00000)
  to   space 7680K, 0% used [0x00000000efc00000,0x00000000efc00000,0x00000000f0380000)
 ParOldGen       total 42496K, used 10148K [0x00000000c3a00000, 0x00000000c6380000, 0x00000000ebe00000)
  object space 42496K, 23% used [0x00000000c3a00000,0x00000000c43e91a8,0x00000000c6380000)
 Metaspace       used 17912K, capacity 18378K, committed 18560K, reserved 1064960K
  class space    used 2208K, capacity 2361K, committed 2432K, reserved 1048576K
}
Event: 10,248 GC heap before
{Heap before GC invocations=7 (full 0):
 PSYoungGen      total 71168K, used 68884K [0x00000000ebe00000, 0x00000000f0b00000, 0x0000000100000000)
  eden space 63488K, 100% used [0x00000000ebe00000,0x00000000efc00000,0x00000000efc00000)
  from space 7680K, 70% used [0x00000000f0380000,0x00000000f08c5200,0x00000000f0b00000)
  to   space 7680K, 0% used [0x00000000efc00000,0x00000000efc00000,0x00000000f0380000)
 ParOldGen       total 42496K, used 10148K [0x00000000c3a00000, 0x00000000c6380000, 0x00000000ebe00000)
  object space 42496K, 23% used [0x00000000c3a00000,0x00000000c43e91a8,0x00000000c6380000)
 Metaspace       used 18711K, capacity 19234K, committed 19456K, reserved 1067008K
  class space    used 2264K, capacity 2433K, committed 2560K, reserved 1048576K
Event: 10,298 GC heap after
Heap after GC invocations=7 (full 0):
 PSYoungGen      total 71168K, used 6559K [0x00000000ebe00000, 0x00000000f4a00000, 0x0000000100000000)
  eden space 63488K, 0% used [0x00000000ebe00000,0x00000000ebe00000,0x00000000efc00000)
  from space 7680K, 85% used [0x00000000efc00000,0x00000000f0267c28,0x00000000f0380000)
  to   space 8192K, 0% used [0x00000000f4200000,0x00000000f4200000,0x00000000f4a00000)
 ParOldGen       total 42496K, used 10792K [0x00000000c3a00000, 0x00000000c6380000, 0x00000000ebe00000)
  object space 42496K, 25% used [0x00000000c3a00000,0x00000000c448a1f8,0x00000000c6380000)
 Metaspace       used 18711K, capacity 19234K, committed 19456K, reserved 1067008K
  class space    used 2264K, capacity 2433K, committed 2560K, reserved 1048576K
}
Event: 13,360 GC heap before
{Heap before GC invocations=8 (full 0):
 PSYoungGen      total 71168K, used 37099K [0x00000000ebe00000, 0x00000000f4a00000, 0x0000000100000000)
  eden space 63488K, 48% used [0x00000000ebe00000,0x00000000edbd32a0,0x00000000efc00000)
  from space 7680K, 85% used [0x00000000efc00000,0x00000000f0267c28,0x00000000f0380000)
  to   space 8192K, 0% used [0x00000000f4200000,0x00000000f4200000,0x00000000f4a00000)
 ParOldGen       total 42496K, used 10792K [0x00000000c3a00000, 0x00000000c6380000, 0x00000000ebe00000)
  object space 42496K, 25% used [0x00000000c3a00000,0x00000000c448a1f8,0x00000000c6380000)
 Metaspace       used 20510K, capacity 21188K, committed 21296K, reserved 1069056K
  class space    used 2478K, capacity 2682K, committed 2688K, reserved 1048576K
Event: 13,446 GC heap after
Heap after GC invocations=8 (full 0):
 PSYoungGen      total 134656K, used 6717K [0x00000000ebe00000, 0x00000000f4b00000, 0x0000000100000000)
  eden space 126464K, 0% used [0x00000000ebe00000,0x00000000ebe00000,0x00000000f3980000)
  from space 8192K, 82% used [0x00000000f4200000,0x00000000f488f688,0x00000000f4a00000)
  to   space 8704K, 0% used [0x00000000f3980000,0x00000000f3980000,0x00000000f4200000)
 ParOldGen       total 42496K, used 11586K [0x00000000c3a00000, 0x00000000c6380000, 0x00000000ebe00000)
  object space 42496K, 27% used [0x00000000c3a00000,0x00000000c4550a28,0x00000000c6380000)
 Metaspace       used 20510K, capacity 21188K, committed 21296K, reserved 1069056K
  class space    used 2478K, capacity 2682K, committed 2688K, reserved 1048576K
}
Event: 13,446 GC heap before
{Heap before GC invocations=9 (full 1):
 PSYoungGen      total 134656K, used 6717K [0x00000000ebe00000, 0x00000000f4b00000, 0x0000000100000000)
  eden space 126464K, 0% used [0x00000000ebe00000,0x00000000ebe00000,0x00000000f3980000)
  from space 8192K, 82% used [0x00000000f4200000,0x00000000f488f688,0x00000000f4a00000)
  to   space 8704K, 0% used [0x00000000f3980000,0x00000000f3980000,0x00000000f4200000)
 ParOldGen       total 42496K, used 11586K [0x00000000c3a00000, 0x00000000c6380000, 0x00000000ebe00000)
  object space 42496K, 27% used [0x00000000c3a00000,0x00000000c4550a28,0x00000000c6380000)
 Metaspace       used 20510K, capacity 21188K, committed 21296K, reserved 1069056K
  class space    used 2478K, capacity 2682K, committed 2688K, reserved 1048576K
Event: 13,622 GC heap after
Heap after GC invocations=9 (full 1):
 PSYoungGen      total 134656K, used 0K [0x00000000ebe00000, 0x00000000f4b00000, 0x0000000100000000)
  eden space 126464K, 0% used [0x00000000ebe00000,0x00000000ebe00000,0x00000000f3980000)
  from space 8192K, 0% used [0x00000000f4200000,0x00000000f4200000,0x00000000f4a00000)
  to   space 8704K, 0% used [0x00000000f3980000,0x00000000f3980000,0x00000000f4200000)
 ParOldGen       total 39424K, used 11889K [0x00000000c3a00000, 0x00000000c6080000, 0x00000000ebe00000)
  object space 39424K, 30% used [0x00000000c3a00000,0x00000000c459c798,0x00000000c6080000)
 Metaspace       used 20510K, capacity 21188K, committed 21296K, reserved 1069056K
  class space    used 2478K, capacity 2682K, committed 2688K, reserved 1048576K
}
Event: 21,635 GC heap before
{Heap before GC invocations=10 (full 1):
 PSYoungGen      total 134656K, used 77073K [0x00000000ebe00000, 0x00000000f4b00000, 0x0000000100000000)
  eden space 126464K, 60% used [0x00000000ebe00000,0x00000000f0944620,0x00000000f3980000)
  from space 8192K, 0% used [0x00000000f4200000,0x00000000f4200000,0x00000000f4a00000)
  to   space 8704K, 0% used [0x00000000f3980000,0x00000000f3980000,0x00000000f4200000)
 ParOldGen       total 39424K, used 11889K [0x00000000c3a00000, 0x00000000c6080000, 0x00000000ebe00000)
  object space 39424K, 30% used [0x00000000c3a00000,0x00000000c459c798,0x00000000c6080000)
 Metaspace       used 27125K, capacity 27954K, committed 28288K, reserved 1073152K
  class space    used 3305K, capacity 3604K, committed 3712K, reserved 1048576K

Deoptimization events (10 events):
Event: 19,019 Thread 0x00007f7de400a800 Uncommon trap: reason=speculate_class_check action=maybe_recompile pc=0x00007f7dd5a618a0 method=java.util.ArrayList.<init>(Ljava/util/Collection;)V @ 36
Event: 19,020 Thread 0x00007f7de400a800 Uncommon trap: reason=speculate_class_check action=maybe_recompile pc=0x00007f7dd5a618a0 method=java.util.ArrayList.<init>(Ljava/util/Collection;)V @ 36
Event: 19,715 Thread 0x00007f7de400a800 Uncommon trap: reason=unstable_if action=reinterpret pc=0x00007f7dd5171094 method=sun.net.www.ParseUtil.encodePath(Ljava/lang/String;Z)Ljava/lang/String; @ 109
Event: 19,797 Thread 0x00007f7de400a800 Uncommon trap: reason=unstable_if action=reinterpret pc=0x00007f7dd56b0ee8 method=java.util.Arrays.equals([B[B)Z @ 2
Event: 20,802 Thread 0x00007f7de400a800 Uncommon trap: reason=unstable_if action=reinterpret pc=0x00007f7dd5a11324 method=sun.nio.cs.StreamDecoder.read0()I @ 11
Event: 20,822 Thread 0x00007f7de400a800 Uncommon trap: reason=bimorphic action=maybe_recompile pc=0x00007f7dd57893e8 method=java.util.Hashtable.addEntry(ILjava/lang/Object;Ljava/lang/Object;I)V @ 38
Event: 20,992 Thread 0x00007f7de400a800 Uncommon trap: reason=bimorphic action=maybe_recompile pc=0x00007f7dd5791fa0 method=java.util.Hashtable.get(Ljava/lang/Object;)Ljava/lang/Object; @ 6
Event: 20,993 Thread 0x00007f7de400a800 Uncommon trap: reason=bimorphic action=maybe_recompile pc=0x00007f7dd5791fa0 method=java.util.Hashtable.get(Ljava/lang/Object;)Ljava/lang/Object; @ 6
Event: 20,993 Thread 0x00007f7de400a800 Uncommon trap: reason=bimorphic action=maybe_recompile pc=0x00007f7dd5791fa0 method=java.util.Hashtable.get(Ljava/lang/Object;)Ljava/lang/Object; @ 6
Event: 20,993 Thread 0x00007f7de400a800 Uncommon trap: reason=bimorphic action=maybe_recompile pc=0x00007f7dd5791fa0 method=java.util.Hashtable.get(Ljava/lang/Object;)Ljava/lang/Object; @ 6

Classes redefined (0 events):
No events

Internal exceptions (10 events):
Event: 12,688 Thread 0x00007f7de400a800 Exception <a 'java/lang/NoClassDefFoundError': org/slf4j/Logger> (0x00000000ed657b80) thrown at [/HUDSON/workspace/8-2-build-linux-amd64/jdk8u172/10810/hotspot/src/share/vm/oops/constantPool.cpp, line 235]
Event: 13,060 Thread 0x00007f7de400a800 Exception <a 'java/lang/ClassNotFoundException': com/sun/tools/javac/api/JavacTool> (0x00000000ed83b400) thrown at [/HUDSON/workspace/8-2-build-linux-amd64/jdk8u172/10810/hotspot/src/share/vm/classfile/systemDictionary.cpp, line 210]
Event: 14,212 Thread 0x00007f7de400a800 Exception <a 'java/io/FileNotFoundException'> (0x00000000ecc3f8c8) thrown at [/HUDSON/workspace/8-2-build-linux-amd64/jdk8u172/10810/hotspot/src/share/vm/prims/jni.cpp, line 709]
Event: 14,219 Thread 0x00007f7de400a800 Exception <a 'java/io/FileNotFoundException'> (0x00000000ecc74e58) thrown at [/HUDSON/workspace/8-2-build-linux-amd64/jdk8u172/10810/hotspot/src/share/vm/prims/jni.cpp, line 709]
Event: 14,923 Thread 0x00007f7de400a800 Exception <a 'java/lang/NoClassDefFoundError': org/slf4j/Logger> (0x00000000edd53218) thrown at [/HUDSON/workspace/8-2-build-linux-amd64/jdk8u172/10810/hotspot/src/share/vm/oops/constantPool.cpp, line 235]
Event: 15,120 Thread 0x00007f7de400a800 Implicit null exception at 0x00007f7dd511e277 to 0x00007f7dd511e52d
Event: 19,310 Thread 0x00007f7de400a800 Exception <a 'java/lang/NoClassDefFoundError': org/slf4j/Logger> (0x00000000ef7b24a0) thrown at [/HUDSON/workspace/8-2-build-linux-amd64/jdk8u172/10810/hotspot/src/share/vm/oops/constantPool.cpp, line 235]
Event: 19,844 Thread 0x00007f7de400a800 Exception <a 'java/io/FileNotFoundException'> (0x00000000efa6a750) thrown at [/HUDSON/workspace/8-2-build-linux-amd64/jdk8u172/10810/hotspot/src/share/vm/prims/jni.cpp, line 709]
Event: 19,844 Thread 0x00007f7de400a800 Exception <a 'java/io/FileNotFoundException'> (0x00000000efa6b5f0) thrown at [/HUDSON/workspace/8-2-build-linux-amd64/jdk8u172/10810/hotspot/src/share/vm/prims/jni.cpp, line 709]
Event: 21,169 Thread 0x00007f7de400a800 Exception <a 'java/lang/NoClassDefFoundError': org/slf4j/Logger> (0x00000000f0665048) thrown at [/HUDSON/workspace/8-2-build-linux-amd64/jdk8u172/10810/hotspot/src/share/vm/oops/constantPool.cpp, line 235]

Events (10 events):
Event: 21,517 loading class org/apache/maven/artifact/repository/metadata/io/xpp3/MetadataXpp3Writer done
Event: 21,532 loading class org/sonatype/aether/repository/LocalMetadataRegistration
Event: 21,532 loading class org/sonatype/aether/repository/LocalMetadataRegistration done
Event: 21,554 loading class org/apache/maven/artifact/repository/metadata/SnapshotArtifactRepositoryMetadata
Event: 21,554 loading class org/apache/maven/artifact/repository/metadata/SnapshotArtifactRepositoryMetadata done
Event: 21,569 loading class org/apache/maven/artifact/repository/metadata/AbstractRepositoryMetadata
Event: 21,569 loading class org/apache/maven/artifact/repository/metadata/AbstractRepositoryMetadata done
Event: 21,583 loading class org/apache/maven/artifact/repository/metadata/ArtifactRepositoryMetadata
Event: 21,583 loading class org/apache/maven/artifact/repository/metadata/ArtifactRepositoryMetadata done
Event: 21,632 Executing VM operation: ParallelGCSystemGC


Dynamic libraries:
00400000-00401000 r-xp 00000000 08:02 918832                             /home/debian/Programas/jdk1.8.0_172/bin/java
00600000-00601000 rw-p 00000000 08:02 918832                             /home/debian/Programas/jdk1.8.0_172/bin/java
0123b000-0125c000 rw-p 00000000 00:00 0                                  [heap]
c3a00000-c6080000 rw-p 00000000 00:00 0 
c6080000-c6380000 ---p 00000000 00:00 0 
c6380000-ebe00000 ---p 00000000 00:00 0 
ebe00000-f4b00000 rw-p 00000000 00:00 0 
f7800000-100000000 ---p 00000000 00:00 0 
100000000-1003a0000 rw-p 00000000 00:00 0 
1003a0000-140000000 ---p 00000000 00:00 0 
7f7d70000000-7f7d70021000 rw-p 00000000 00:00 0 
7f7d70021000-7f7d74000000 ---p 00000000 00:00 0 
7f7d78000000-7f7d78021000 rw-p 00000000 00:00 0 
7f7d78021000-7f7d7c000000 ---p 00000000 00:00 0 
7f7d7c000000-7f7d7c021000 rw-p 00000000 00:00 0 
7f7d7c021000-7f7d80000000 ---p 00000000 00:00 0 
7f7d80000000-7f7d8003c000 rw-p 00000000 00:00 0 
7f7d8003c000-7f7d84000000 ---p 00000000 00:00 0 
7f7d84000000-7f7d84021000 rw-p 00000000 00:00 0 
7f7d84021000-7f7d88000000 ---p 00000000 00:00 0 
7f7d88000000-7f7d883f4000 rw-p 00000000 00:00 0 
7f7d883f4000-7f7d8c000000 ---p 00000000 00:00 0 
7f7d8c000000-7f7d8c06d000 rw-p 00000000 00:00 0 
7f7d8c06d000-7f7d90000000 ---p 00000000 00:00 0 
7f7d911a0000-7f7d911b3000 r-xp 00000000 08:01 655888                     /lib/x86_64-linux-gnu/libbsd.so.0.8.3
7f7d911b3000-7f7d913b3000 ---p 00013000 08:01 655888                     /lib/x86_64-linux-gnu/libbsd.so.0.8.3
7f7d913b3000-7f7d913b4000 r--p 00013000 08:01 655888                     /lib/x86_64-linux-gnu/libbsd.so.0.8.3
7f7d913b4000-7f7d913b5000 rw-p 00014000 08:01 655888                     /lib/x86_64-linux-gnu/libbsd.so.0.8.3
7f7d913b5000-7f7d913b6000 rw-p 00000000 00:00 0 
7f7d913b6000-7f7d913bb000 r-xp 00000000 08:01 2629633                    /usr/lib/x86_64-linux-gnu/libXdmcp.so.6.0.0
7f7d913bb000-7f7d915ba000 ---p 00005000 08:01 2629633                    /usr/lib/x86_64-linux-gnu/libXdmcp.so.6.0.0
7f7d915ba000-7f7d915bb000 r--p 00004000 08:01 2629633                    /usr/lib/x86_64-linux-gnu/libXdmcp.so.6.0.0
7f7d915bb000-7f7d915bc000 rw-p 00005000 08:01 2629633                    /usr/lib/x86_64-linux-gnu/libXdmcp.so.6.0.0
7f7d915bc000-7f7d915bf000 r-xp 00000000 08:01 2629631                    /usr/lib/x86_64-linux-gnu/libXau.so.6.0.0
7f7d915bf000-7f7d917be000 ---p 00003000 08:01 2629631                    /usr/lib/x86_64-linux-gnu/libXau.so.6.0.0
7f7d917be000-7f7d917bf000 r--p 00002000 08:01 2629631                    /usr/lib/x86_64-linux-gnu/libXau.so.6.0.0
7f7d917bf000-7f7d917c0000 rw-p 00003000 08:01 2629631                    /usr/lib/x86_64-linux-gnu/libXau.so.6.0.0
7f7d917c0000-7f7d917e7000 r-xp 00000000 08:01 2629635                    /usr/lib/x86_64-linux-gnu/libxcb.so.1.1.0
7f7d917e7000-7f7d919e6000 ---p 00027000 08:01 2629635                    /usr/lib/x86_64-linux-gnu/libxcb.so.1.1.0
7f7d919e6000-7f7d919e7000 r--p 00026000 08:01 2629635                    /usr/lib/x86_64-linux-gnu/libxcb.so.1.1.0
7f7d919e7000-7f7d919e8000 rw-p 00027000 08:01 2629635                    /usr/lib/x86_64-linux-gnu/libxcb.so.1.1.0
7f7d919e8000-7f7d919f7000 r-xp 00000000 08:01 2630398                    /usr/lib/x86_64-linux-gnu/libXi.so.6.1.0
7f7d919f7000-7f7d91bf6000 ---p 0000f000 08:01 2630398                    /usr/lib/x86_64-linux-gnu/libXi.so.6.1.0
7f7d91bf6000-7f7d91bf7000 r--p 0000e000 08:01 2630398                    /usr/lib/x86_64-linux-gnu/libXi.so.6.1.0
7f7d91bf7000-7f7d91bf8000 rw-p 0000f000 08:01 2630398                    /usr/lib/x86_64-linux-gnu/libXi.so.6.1.0
7f7d91bf8000-7f7d91bfd000 r-xp 00000000 08:01 2632027                    /usr/lib/x86_64-linux-gnu/libXtst.so.6.1.0
7f7d91bfd000-7f7d91dfc000 ---p 00005000 08:01 2632027                    /usr/lib/x86_64-linux-gnu/libXtst.so.6.1.0
7f7d91dfc000-7f7d91dfd000 r--p 00004000 08:01 2632027                    /usr/lib/x86_64-linux-gnu/libXtst.so.6.1.0
7f7d91dfd000-7f7d91dfe000 rw-p 00005000 08:01 2632027                    /usr/lib/x86_64-linux-gnu/libXtst.so.6.1.0
7f7d91dfe000-7f7d91e07000 r-xp 00000000 08:01 2629843                    /usr/lib/x86_64-linux-gnu/libXrender.so.1.3.0
7f7d91e07000-7f7d92006000 ---p 00009000 08:01 2629843                    /usr/lib/x86_64-linux-gnu/libXrender.so.1.3.0
7f7d92006000-7f7d92007000 r--p 00008000 08:01 2629843                    /usr/lib/x86_64-linux-gnu/libXrender.so.1.3.0
7f7d92007000-7f7d92008000 rw-p 00009000 08:01 2629843                    /usr/lib/x86_64-linux-gnu/libXrender.so.1.3.0
7f7d92008000-7f7d92142000 r-xp 00000000 08:01 2629639                    /usr/lib/x86_64-linux-gnu/libX11.so.6.3.0
7f7d92142000-7f7d92342000 ---p 0013a000 08:01 2629639                    /usr/lib/x86_64-linux-gnu/libX11.so.6.3.0
7f7d92342000-7f7d92343000 r--p 0013a000 08:01 2629639                    /usr/lib/x86_64-linux-gnu/libX11.so.6.3.0
7f7d92343000-7f7d92348000 rw-p 0013b000 08:01 2629639                    /usr/lib/x86_64-linux-gnu/libX11.so.6.3.0
7f7d92348000-7f7d92359000 r-xp 00000000 08:01 2629841                    /usr/lib/x86_64-linux-gnu/libXext.so.6.4.0
7f7d92359000-7f7d92558000 ---p 00011000 08:01 2629841                    /usr/lib/x86_64-linux-gnu/libXext.so.6.4.0
7f7d92558000-7f7d92559000 r--p 00010000 08:01 2629841                    /usr/lib/x86_64-linux-gnu/libXext.so.6.4.0
7f7d92559000-7f7d9255a000 rw-p 00011000 08:01 2629841                    /usr/lib/x86_64-linux-gnu/libXext.so.6.4.0
7f7d92588000-7f7d925dc000 r-xp 00000000 08:02 919887                     /home/debian/Programas/jdk1.8.0_172/jre/lib/amd64/libawt_xawt.so
7f7d925dc000-7f7d927dc000 ---p 00054000 08:02 919887                     /home/debian/Programas/jdk1.8.0_172/jre/lib/amd64/libawt_xawt.so
7f7d927dc000-7f7d927e0000 rw-p 00054000 08:02 919887                     /home/debian/Programas/jdk1.8.0_172/jre/lib/amd64/libawt_xawt.so
7f7d927e0000-7f7d927e1000 rw-p 00000000 00:00 0 
7f7d927e1000-7f7d92883000 r-xp 00000000 08:02 919814                     /home/debian/Programas/jdk1.8.0_172/jre/lib/amd64/libawt.so
7f7d92883000-7f7d92a83000 ---p 000a2000 08:02 919814                     /home/debian/Programas/jdk1.8.0_172/jre/lib/amd64/libawt.so
7f7d92a83000-7f7d92a8f000 rw-p 000a2000 08:02 919814                     /home/debian/Programas/jdk1.8.0_172/jre/lib/amd64/libawt.so
7f7d92a8f000-7f7d92cb3000 rw-p 00000000 00:00 0 
7f7d92cb3000-7f7d92cb6000 ---p 00000000 00:00 0 
7f7d92cb6000-7f7d92db4000 rw-p 00000000 00:00 0 
7f7d92db4000-7f7d92db7000 ---p 00000000 00:00 0 
7f7d92db7000-7f7d92eb5000 rw-p 00000000 00:00 0 
7f7d92eb5000-7f7d92ebc000 r--s 00000000 08:01 2667941                    /usr/lib/x86_64-linux-gnu/gconv/gconv-modules.cache
7f7d92ebc000-7f7d92ee2000 r--p 00000000 08:01 2625417                    /usr/share/locale/es/LC_MESSAGES/libc.mo
7f7d92f0d000-7f7d92f0e000 r--s 00002000 08:02 3151391                    /home/debian/.m2/repository/org/codehaus/plexus/plexus-digest/1.0/plexus-digest-1.0.jar
7f7d92f0e000-7f7d92f0f000 r--s 00005000 08:02 4720007                    /home/debian/.m2/repository/org/apache/maven/plugins/maven-install-plugin/2.3.1/maven-install-plugin-2.3.1.jar
7f7d92f0f000-7f7d92f14000 r--s 002f9000 08:02 919131                     /home/debian/Programas/jdk1.8.0_172/jre/lib/charsets.jar
7f7d92f14000-7f7d92f16000 r--s 00007000 08:02 3670524                    /home/debian/.m2/repository/org/apache/maven/shared/maven-filtering/1.0-beta-2/maven-filtering-1.0-beta-2.jar
7f7d92f16000-7f7d92f1a000 r--s 00035000 08:02 3278934                    /home/debian/.m2/repository/org/codehaus/plexus/plexus-utils/3.0.8/plexus-utils-3.0.8.jar
7f7d92f1a000-7f7d92f1c000 r--s 00005000 08:02 3670523                    /home/debian/.m2/repository/xpp3/xpp3_min/1.1.4c/xpp3_min-1.1.4c.jar
7f7d92f1c000-7f7d92f1d000 r--s 00001000 08:02 3670520                    /home/debian/.m2/repository/xmlpull/xmlpull/1.1.3.1/xmlpull-1.1.3.1.jar
7f7d92f1d000-7f7d92f29000 r--s 0006a000 08:02 3670521                    /home/debian/.m2/repository/com/thoughtworks/xstream/xstream/1.4.3/xstream-1.4.3.jar
7f7d92f29000-7f7d92f2b000 r--s 0000d000 08:02 3541431                    /home/debian/.m2/repository/org/codehaus/plexus/plexus-interpolation/1.15/plexus-interpolation-1.15.jar
7f7d92f2b000-7f7d92f2e000 r--s 0000c000 08:02 3541432                    /home/debian/.m2/repository/org/codehaus/plexus/plexus-io/2.0.5/plexus-io-2.0.5.jar
7f7d92f2e000-7f7d92f30000 r--s 00004000 08:02 3541430                    /home/debian/.m2/repository/org/apache/maven/maven-archiver/2.5/maven-archiver-2.5.jar
7f7d92f30000-7f7d92f32000 r--s 00013000 08:02 1840525                    /home/debian/.m2/repository/org/apache/maven/plugins/maven-war-plugin/2.3/maven-war-plugin-2.3.jar
7f7d92f32000-7f7d92f33000 r--s 00002000 08:02 3026076                    /home/debian/.m2/repository/org/apache/maven/reporting/maven-reporting-api/2.0.9/maven-reporting-api-2.0.9.jar
7f7d92f33000-7f7d92f36000 r--s 00034000 08:02 3409217                    /home/debian/.m2/repository/org/codehaus/plexus/plexus-utils/2.1/plexus-utils-2.1.jar
7f7d92f36000-7f7d92f38000 r--s 00006000 08:02 3541386                    /home/debian/.m2/repository/org/apache/maven/shared/maven-common-artifact-filters/1.3/maven-common-artifact-filters-1.3.jar
7f7d92f38000-7f7d92f3a000 r--s 0000d000 08:02 2099807                    /home/debian/.m2/repository/org/apache/maven/surefire/maven-surefire-common/2.10/maven-surefire-common-2.10.jar
7f7d92f3a000-7f7d92f3f000 r--s 00023000 08:02 2099805                    /home/debian/.m2/repository/org/apache/maven/surefire/surefire-api/2.10/surefire-api-2.10.jar
7f7d92f3f000-7f7d92f41000 r--s 00007000 08:02 2099804                    /home/debian/.m2/repository/org/apache/maven/surefire/surefire-booter/2.10/surefire-booter-2.10.jar
7f7d92f41000-7f7d92f43000 r--s 00006000 08:02 1706332                    /home/debian/.m2/repository/org/apache/maven/plugins/maven-surefire-plugin/2.10/maven-surefire-plugin-2.10.jar
7f7d92f43000-7f7d93143000 rw-p 00000000 00:00 0 
7f7d93143000-7f7d93343000 rw-p 00000000 00:00 0 
7f7d93343000-7f7d933bc000 r--s 010f9000 08:02 918818                     /home/debian/Programas/jdk1.8.0_172/lib/tools.jar
7f7d933bc000-7f7d933bf000 r--s 0001b000 08:02 3409213                    /home/debian/.m2/repository/junit/junit/3.8.2/junit-3.8.2.jar
7f7d933bf000-7f7d933cd000 r--s 0008f000 08:02 3409212                    /home/debian/.m2/repository/com/google/collections/google-collections/1.0/google-collections-1.0.jar
7f7d933cd000-7f7d933ce000 r--s 0000a000 08:02 2362175                    /home/debian/.m2/repository/commons-logging/commons-logging-api/1.1/commons-logging-api-1.1.jar
7f7d933ce000-7f7d933d5000 r--s 00051000 08:02 3409210                    /home/debian/.m2/repository/log4j/log4j/1.2.12/log4j-1.2.12.jar
7f7d933d5000-7f7d933d9000 r--s 0001d000 08:02 1706355                    /home/debian/.m2/repository/org/apache/xbean/xbean-reflect/3.4/xbean-reflect-3.4.jar
7f7d933d9000-7f7d933da000 r--s 00004000 08:02 3541374                    /home/debian/.m2/repository/org/codehaus/plexus/plexus-compiler-javac/2.2/plexus-compiler-javac-2.2.jar
7f7d933da000-7f7d933dc000 r--s 00000000 08:02 3541370                    /home/debian/.m2/repository/org/codehaus/plexus/plexus-compiler-manager/2.2/plexus-compiler-manager-2.2.jar
7f7d933dc000-7f7d935dc000 rw-p 00000000 00:00 0 
7f7d935dc000-7f7d935f0000 r-xp 00000000 08:01 665100                     /lib/x86_64-linux-gnu/libresolv-2.24.so
7f7d935f0000-7f7d937ef000 ---p 00014000 08:01 665100                     /lib/x86_64-linux-gnu/libresolv-2.24.so
7f7d937ef000-7f7d937f0000 r--p 00013000 08:01 665100                     /lib/x86_64-linux-gnu/libresolv-2.24.so
7f7d937f0000-7f7d937f1000 rw-p 00014000 08:01 665100                     /lib/x86_64-linux-gnu/libresolv-2.24.so
7f7d937f1000-7f7d937f3000 rw-p 00000000 00:00 0 
7f7d937f3000-7f7d937f8000 r-xp 00000000 08:01 665093                     /lib/x86_64-linux-gnu/libnss_dns-2.24.so
7f7d937f8000-7f7d939f7000 ---p 00005000 08:01 665093                     /lib/x86_64-linux-gnu/libnss_dns-2.24.so
7f7d939f7000-7f7d939f8000 r--p 00004000 08:01 665093                     /lib/x86_64-linux-gnu/libnss_dns-2.24.so
7f7d939f8000-7f7d939f9000 rw-p 00005000 08:01 665093                     /lib/x86_64-linux-gnu/libnss_dns-2.24.so
7f7d939f9000-7f7d939fb000 r-xp 00000000 08:01 658749                     /lib/x86_64-linux-gnu/libnss_mdns4_minimal.so.2
7f7d939fb000-7f7d93bfa000 ---p 00002000 08:01 658749                     /lib/x86_64-linux-gnu/libnss_mdns4_minimal.so.2
7f7d93bfa000-7f7d93bfb000 r--p 00001000 08:01 658749                     /lib/x86_64-linux-gnu/libnss_mdns4_minimal.so.2
7f7d93bfb000-7f7d93bfc000 rw-p 00002000 08:01 658749                     /lib/x86_64-linux-gnu/libnss_mdns4_minimal.so.2
7f7d93bfc000-7f7d93bff000 ---p 00000000 00:00 0 
7f7d93bff000-7f7d93cfd000 rw-p 00000000 00:00 0 
7f7d93cfd000-7f7d93d00000 ---p 00000000 00:00 0 
7f7d93d00000-7f7d93dfe000 rw-p 00000000 00:00 0 
7f7d93dfe000-7f7d93e01000 ---p 00000000 00:00 0 
7f7d93e01000-7f7d93eff000 rw-p 00000000 00:00 0 
7f7d93eff000-7f7d93f02000 ---p 00000000 00:00 0 
7f7d93f02000-7f7d94000000 rw-p 00000000 00:00 0 
7f7d94000000-7f7d94021000 rw-p 00000000 00:00 0 
7f7d94021000-7f7d98000000 ---p 00000000 00:00 0 
7f7d98000000-7f7d98002000 r--s 00005000 08:02 3541371                    /home/debian/.m2/repository/org/codehaus/plexus/plexus-compiler-api/2.2/plexus-compiler-api-2.2.jar
7f7d98002000-7f7d98004000 r--s 00002000 08:02 3541368                    /home/debian/.m2/repository/org/apache/maven/shared/maven-shared-incremental/1.1/maven-shared-incremental-1.1.jar
7f7d98004000-7f7d98006000 r--s 00006000 08:02 3541373                    /home/debian/.m2/repository/com/google/code/findbugs/jsr305/2.0.1/jsr305-2.0.1.jar
7f7d98006000-7f7d98009000 r--s 00023000 08:02 3409209                    /home/debian/.m2/repository/org/apache/maven/shared/maven-shared-utils/0.1/maven-shared-utils-0.1.jar
7f7d98009000-7f7d9800d000 r--s 00030000 08:02 3026074                    /home/debian/.m2/repository/org/codehaus/plexus/plexus-utils/1.5.1/plexus-utils-1.5.1.jar
7f7d9800d000-7f7d9800f000 r--s 00009000 08:02 1706325                    /home/debian/.m2/repository/org/apache/maven/plugins/maven-compiler-plugin/3.1/maven-compiler-plugin-3.1.jar
7f7d9800f000-7f7d98011000 r--s 0000d000 08:02 3409189                    /home/debian/.m2/repository/org/codehaus/plexus/plexus-interpolation/1.13/plexus-interpolation-1.13.jar
7f7d98011000-7f7d98012000 r--s 00001000 08:02 1970163                    /home/debian/.m2/repository/org/sonatype/plexus/plexus-build-api/0.0.4/plexus-build-api-0.0.4.jar
7f7d98012000-7f7d98014000 r--s 00009000 08:02 3409187                    /home/debian/.m2/repository/org/apache/maven/shared/maven-filtering/1.0/maven-filtering-1.0.jar
7f7d98014000-7f7d98015000 r--s 00001000 08:02 3148035                    /home/debian/.m2/repository/org/apache/maven/doxia/doxia-sink-api/1.0-alpha-7/doxia-sink-api-1.0-alpha-7.jar
7f7d98015000-7f7d98016000 r--s 00002000 08:02 3148034                    /home/debian/.m2/repository/org/apache/maven/reporting/maven-reporting-api/2.0.6/maven-reporting-api-2.0.6.jar
7f7d98016000-7f7d98018000 r--s 00005000 08:02 1706306                    /home/debian/.m2/repository/org/apache/maven/plugins/maven-resources-plugin/2.5/maven-resources-plugin-2.5.jar
7f7d98018000-7f7d98026000 r--s 0007f000 08:02 2890842                    /home/debian/.m2/repository/commons-collections/commons-collections/3.2.1/commons-collections-3.2.1.jar
7f7d98026000-7f7d9802b000 r--s 00041000 08:02 2890790                    /home/debian/.m2/repository/commons-lang/commons-lang/2.6/commons-lang-2.6.jar
7f7d9802b000-7f7d9802d000 r--s 00006000 08:02 3409145                    /home/debian/.m2/repository/org/apache/maven/shared/maven-invoker/2.0.11/maven-invoker-2.0.11.jar
7f7d9802d000-7f7d9802f000 r--s 00006000 08:02 3409144                    /home/debian/.m2/repository/org/apache/maven/shared/maven-common-artifact-filters/1.4/maven-common-artifact-filters-1.4.jar
7f7d9802f000-7f7d98031000 r--s 0000c000 08:02 3278916                    /home/debian/.m2/repository/org/apache/maven/shared/maven-dependency-tree/2.0/maven-dependency-tree-2.0.jar
7f7d98031000-7f7d98033000 r--s 00000000 08:02 3278915                    /home/debian/.m2/repository/org/codehaus/plexus/plexus-component-annotations/1.5.5/plexus-component-annotations-1.5.5.jar
7f7d98033000-7f7d98035000 r--s 00005000 08:02 3278913                    /home/debian/.m2/repository/org/apache/maven/shared/maven-dependency-analyzer/1.3/maven-dependency-analyzer-1.3.jar
7f7d98035000-7f7d98038000 r--s 0000c000 08:02 3278910                    /home/debian/.m2/repository/org/codehaus/plexus/plexus-io/2.0.6/plexus-io-2.0.6.jar
7f7d98038000-7f7d9803b000 r--s 0001b000 08:02 3026062                    /home/debian/.m2/repository/junit/junit/3.8.1/junit-3.8.1.jar
7f7d9803b000-7f7d9803d000 r--s 00008000 08:02 3278907                    /home/debian/.m2/repository/org/apache/maven/shared/maven-shared-io/1.1/maven-shared-io-1.1.jar
7f7d9803d000-7f7d9803f000 r--s 00008000 08:02 3278906                    /home/debian/.m2/repository/org/apache/maven/shared/file-management/1.2.1/file-management-1.2.1.jar
7f7d9803f000-7f7d98043000 r--s 00035000 08:02 3278905                    /home/debian/.m2/repository/org/codehaus/plexus/plexus-utils/3.0.9/plexus-utils-3.0.9.jar
7f7d98043000-7f7d98048000 r--s 00029000 08:02 3148028                    /home/debian/.m2/repository/org/codehaus/plexus/plexus-archiver/2.2/plexus-archiver-2.2.jar
7f7d98048000-7f7d9804a000 r--s 00004000 08:02 3148024                    /home/debian/.m2/repository/org/apache/maven/doxia/doxia-module-xhtml/1.0/doxia-module-xhtml-1.0.jar
7f7d9804a000-7f7d9804d000 ---p 00000000 00:00 0 
7f7d9804d000-7f7d9814b000 rw-p 00000000 00:00 0 
7f7d9814b000-7f7d9834b000 rw-p 00000000 00:00 0 
7f7d9834b000-7f7d98361000 r-xp 00000000 08:01 658838                     /lib/x86_64-linux-gnu/libgcc_s.so.1
7f7d98361000-7f7d98560000 ---p 00016000 08:01 658838                     /lib/x86_64-linux-gnu/libgcc_s.so.1
7f7d98560000-7f7d98561000 r--p 00015000 08:01 658838                     /lib/x86_64-linux-gnu/libgcc_s.so.1
7f7d98561000-7f7d98562000 rw-p 00016000 08:01 658838                     /lib/x86_64-linux-gnu/libgcc_s.so.1
7f7d98562000-7f7d98563000 r--s 0000a000 08:02 3278914                    /home/debian/.m2/repository/asm/asm/3.3.1/asm-3.3.1.jar
7f7d98563000-7f7d98564000 r--s 00006000 08:02 3148023                    /home/debian/.m2/repository/org/apache/maven/doxia/doxia-module-xdoc/1.0/doxia-module-xdoc-1.0.jar
7f7d98564000-7f7d98565000 r--s 00004000 08:02 3148019                    /home/debian/.m2/repository/org/apache/maven/doxia/doxia-module-fml/1.0/doxia-module-fml-1.0.jar
7f7d98565000-7f7d98567000 r--s 0000a000 08:02 3148018                    /home/debian/.m2/repository/org/apache/maven/doxia/doxia-module-apt/1.0/doxia-module-apt-1.0.jar
7f7d98567000-7f7d98568000 r--s 0000b000 08:02 3148017                    /home/debian/.m2/repository/org/apache/maven/doxia/doxia-decoration-model/1.0/doxia-decoration-model-1.0.jar
7f7d98568000-7f7d98570000 r--s 00058000 08:02 1706353                    /home/debian/.m2/repository/org/apache/velocity/velocity/1.5/velocity-1.5.jar
7f7d98570000-7f7d98571000 r--s 00001000 08:02 3148012                    /home/debian/.m2/repository/org/codehaus/plexus/plexus-velocity/1.1.7/plexus-velocity-1.1.7.jar
7f7d98571000-7f7d98572000 r--s 00002000 08:02 3148014                    /home/debian/.m2/repository/org/codehaus/plexus/plexus-i18n/1.0-beta-7/plexus-i18n-1.0-beta-7.jar
7f7d98572000-7f7d98574000 r--s 0000a000 08:02 3148013                    /home/debian/.m2/repository/org/apache/maven/doxia/doxia-site-renderer/1.0/doxia-site-renderer-1.0.jar
7f7d98574000-7f7d98575000 r--s 00002000 08:02 3026060                    /home/debian/.m2/repository/org/apache/maven/doxia/doxia-sink-api/1.0/doxia-sink-api-1.0.jar
7f7d98575000-7f7d9857a000 r--s 00016000 08:02 3148008                    /home/debian/.m2/repository/xml-apis/xml-apis/1.0.b2/xml-apis-1.0.b2.jar
7f7d9857a000-7f7d9857c000 r--s 0000e000 08:02 3148007                    /home/debian/.m2/repository/oro/oro/2.0.8/oro-2.0.8.jar
7f7d9857c000-7f7d9857e000 r--s 00008000 08:02 3148006                    /home/debian/.m2/repository/commons-logging/commons-logging/1.0.4/commons-logging-1.0.4.jar
7f7d9857e000-7f7d98582000 r--s 00026000 08:02 2362173                    /home/debian/.m2/repository/commons-digester/commons-digester/1.6/commons-digester-1.6.jar
7f7d98582000-7f7d98587000 r--s 0002a000 08:02 2890840                    /home/debian/.m2/repository/commons-beanutils/commons-beanutils/1.7.0/commons-beanutils-1.7.0.jar
7f7d98587000-7f7d9858a000 r--s 00014000 08:02 3148002                    /home/debian/.m2/repository/commons-validator/commons-validator/1.2.0/commons-validator-1.2.0.jar
7f7d9858a000-7f7d9858d000 r--s 00018000 08:02 3148001                    /home/debian/.m2/repository/commons-io/commons-io/1.4/commons-io-1.4.jar
7f7d9858d000-7f7d98590000 r--s 0000b000 08:02 3026056                    /home/debian/.m2/repository/org/apache/maven/doxia/doxia-core/1.0/doxia-core-1.0.jar
7f7d98590000-7f7d985c2000 r-xp 00000000 08:02 919835                     /home/debian/Programas/jdk1.8.0_172/jre/lib/amd64/libsunec.so
7f7d985c2000-7f7d987c1000 ---p 00032000 08:02 919835                     /home/debian/Programas/jdk1.8.0_172/jre/lib/amd64/libsunec.so
7f7d987c1000-7f7d987c7000 rw-p 00031000 08:02 919835                     /home/debian/Programas/jdk1.8.0_172/jre/lib/amd64/libsunec.so
7f7d987c7000-7f7d989d7000 rw-p 00000000 00:00 0 
7f7d989d7000-7f7d989e8000 r-xp 00000000 08:02 919822                     /home/debian/Programas/jdk1.8.0_172/jre/lib/amd64/libnio.so
7f7d989e8000-7f7d98be7000 ---p 00011000 08:02 919822                     /home/debian/Programas/jdk1.8.0_172/jre/lib/amd64/libnio.so
7f7d98be7000-7f7d98be8000 rw-p 00010000 08:02 919822                     /home/debian/Programas/jdk1.8.0_172/jre/lib/amd64/libnio.so
7f7d98be8000-7f7d9bbe9000 rw-p 00000000 00:00 0 
7f7d9bbe9000-7f7d9bbff000 r-xp 00000000 08:02 919886                     /home/debian/Programas/jdk1.8.0_172/jre/lib/amd64/libnet.so
7f7d9bbff000-7f7d9bdff000 ---p 00016000 08:02 919886                     /home/debian/Programas/jdk1.8.0_172/jre/lib/amd64/libnet.so
7f7d9bdff000-7f7d9be00000 rw-p 00016000 08:02 919886                     /home/debian/Programas/jdk1.8.0_172/jre/lib/amd64/libnet.so
7f7d9be00000-7f7d9c000000 rw-p 00000000 00:00 0 
7f7d9c000000-7f7d9c021000 rw-p 00000000 00:00 0 
7f7d9c021000-7f7da0000000 ---p 00000000 00:00 0 
7f7da0000000-7f7da0021000 rw-p 00000000 00:00 0 
7f7da0021000-7f7da4000000 ---p 00000000 00:00 0 
7f7da4000000-7f7da5a80000 rw-p 00000000 00:00 0 
7f7da5a80000-7f7da8000000 ---p 00000000 00:00 0 
7f7da8000000-7f7da8988000 rw-p 00000000 00:00 0 
7f7da8988000-7f7dac000000 ---p 00000000 00:00 0 
7f7dac000000-7f7dac021000 rw-p 00000000 00:00 0 
7f7dac021000-7f7db0000000 ---p 00000000 00:00 0 
7f7db0000000-7f7db2111000 rw-p 00000000 00:00 0 
7f7db2111000-7f7db4000000 ---p 00000000 00:00 0 
7f7db4000000-7f7db4021000 rw-p 00000000 00:00 0 
7f7db4021000-7f7db8000000 ---p 00000000 00:00 0 
7f7db8000000-7f7db8021000 rw-p 00000000 00:00 0 
7f7db8021000-7f7dbc000000 ---p 00000000 00:00 0 
7f7dbc000000-7f7dbc2dc000 rw-p 00000000 00:00 0 
7f7dbc2dc000-7f7dc0000000 ---p 00000000 00:00 0 
7f7dc0000000-7f7dc0002000 r--s 00009000 08:02 3148000                    /home/debian/.m2/repository/org/apache/maven/shared/maven-doxia-tools/1.0.2/maven-doxia-tools-1.0.2.jar
7f7dc0002000-7f7dc0004000 r--s 00004000 08:02 3026055                    /home/debian/.m2/repository/org/apache/maven/reporting/maven-reporting-impl/2.0.5/maven-reporting-impl-2.0.5.jar
7f7dc0004000-7f7dc0005000 r--s 00002000 08:02 3026052                    /home/debian/.m2/repository/org/apache/maven/reporting/maven-reporting-api/3.0/maven-reporting-api-3.0.jar
7f7dc0005000-7f7dc0007000 r--s 00002000 08:02 3026051                    /home/debian/.m2/repository/org/codehaus/plexus/plexus-interactivity-api/1.0-alpha-4/plexus-interactivity-api-1.0-alpha-4.jar
7f7dc0007000-7f7dc0009000 r--s 00006000 08:02 3026050                    /home/debian/.m2/repository/commons-cli/commons-cli/1.0/commons-cli-1.0.jar
7f7dc0009000-7f7dc000c000 r--s 00021000 08:02 1577667                    /home/debian/.m2/repository/org/apache/maven/plugins/maven-dependency-plugin/2.6/maven-dependency-plugin-2.6.jar
7f7dc000c000-7f7dc0010000 r--s 00033000 08:02 3409188                    /home/debian/.m2/repository/org/codehaus/plexus/plexus-utils/2.0.5/plexus-utils-2.0.5.jar
7f7dc0010000-7f7dc0011000 r--s 00005000 08:02 4720001                    /home/debian/.m2/repository/org/apache/maven/plugins/maven-clean-plugin/2.4.1/maven-clean-plugin-2.4.1.jar
7f7dc0011000-7f7dc0013000 r--s 00009000 08:02 919775                     /home/debian/Programas/jdk1.8.0_172/jre/lib/ext/sunec.jar
7f7dc0013000-7f7dc0017000 r--s 0003a000 08:02 919780                     /home/debian/Programas/jdk1.8.0_172/jre/lib/ext/sunpkcs11.jar
7f7dc0017000-7f7dc001a000 r--s 0001a000 08:02 919104                     /home/debian/Programas/jdk1.8.0_172/jre/lib/jce.jar
7f7dc001a000-7f7dc001d000 ---p 00000000 00:00 0 
7f7dc001d000-7f7dc0053000 rw-p 00000000 00:00 0 
7f7dc0053000-7f7dc0054000 r--p 00000000 00:00 0 
7f7dc0054000-7f7dc0059000 r--s 0009d000 08:02 919128                     /home/debian/Programas/jdk1.8.0_172/jre/lib/jsse.jar
7f7dc0059000-7f7dc0259000 rw-p 00000000 00:00 0 
7f7dc0259000-7f7dc025b000 r--s 0000d000 08:02 920979                     /home/debian/Programas/netbeans-8.2/java/maven-nblib/netbeans-eventspy.jar
7f7dc025b000-7f7dc025e000 r--s 0001d000 08:02 923306                     /home/debian/Programas/netbeans-8.2/java/maven/lib/aether-impl-1.13.1.jar
7f7dc025e000-7f7dc0268000 r--s 00116000 08:02 919783                     /home/debian/Programas/jdk1.8.0_172/jre/lib/ext/localedata.jar
7f7dc0268000-7f7dc0284000 r--s 00393000 08:02 919782                     /home/debian/Programas/jdk1.8.0_172/jre/lib/ext/cldrdata.jar
7f7dc0284000-7f7dc0288000 r--s 00013000 08:02 923312                     /home/debian/Programas/netbeans-8.2/java/maven/lib/aether-api-1.13.1.jar
7f7dc0288000-7f7dc0290000 r--s 00050000 08:02 923326                     /home/debian/Programas/netbeans-8.2/java/maven/lib/sisu-guice-3.1.0-no_aop.jar
7f7dc0290000-7f7dc02af000 r--s 00154000 08:02 923321                     /home/debian/Programas/netbeans-8.2/java/maven/lib/sisu-guava-0.9.9.jar
7f7dc02af000-7f7dc02de000 r--s 001c8000 08:02 923303                     /home/debian/Programas/netbeans-8.2/java/maven/lib/wagon-http-2.10-shaded.jar
7f7dc02de000-7f7dc02df000 ---p 00000000 00:00 0 
7f7dc02df000-7f7dc03df000 rw-p 00000000 00:00 0 
7f7dc03df000-7f7dc03e2000 ---p 00000000 00:00 0 
7f7dc03e2000-7f7dc04e0000 rw-p 00000000 00:00 0 
7f7dc04e0000-7f7dc04e3000 ---p 00000000 00:00 0 
7f7dc04e3000-7f7dc05e1000 rw-p 00000000 00:00 0 
7f7dc05e1000-7f7dc05e4000 ---p 00000000 00:00 0 
7f7dc05e4000-7f7dc06e2000 rw-p 00000000 00:00 0 
7f7dc06e2000-7f7dc06e5000 ---p 00000000 00:00 0 
7f7dc06e5000-7f7dc07e3000 rw-p 00000000 00:00 0 
7f7dc07e3000-7f7dc07e6000 ---p 00000000 00:00 0 
7f7dc07e6000-7f7dc08e4000 rw-p 00000000 00:00 0 
7f7dc08e4000-7f7dc0a7f000 r--p 00000000 08:01 2634988                    /usr/lib/locale/locale-archive
7f7dc0a7f000-7f7dc0a82000 ---p 00000000 00:00 0 
7f7dc0a82000-7f7dc0b80000 rw-p 00000000 00:00 0 
7f7dc0b80000-7f7dc0b83000 ---p 00000000 00:00 0 
7f7dc0b83000-7f7dc0c81000 rw-p 00000000 00:00 0 
7f7dc0c81000-7f7dc0c82000 ---p 00000000 00:00 0 
7f7dc0c82000-7f7dc19d0000 rw-p 00000000 00:00 0 
7f7dc19d0000-7f7dc4000000 rw-p 00000000 00:00 0 
7f7dc4000000-7f7dc4021000 rw-p 00000000 00:00 0 
7f7dc4021000-7f7dc8000000 ---p 00000000 00:00 0 
7f7dc8000000-7f7dc8021000 rw-p 00000000 00:00 0 
7f7dc8021000-7f7dcc000000 ---p 00000000 00:00 0 
7f7dcc000000-7f7dcc021000 rw-p 00000000 00:00 0 
7f7dcc021000-7f7dd0000000 ---p 00000000 00:00 0 
7f7dd0000000-7f7dd0021000 rw-p 00000000 00:00 0 
7f7dd0021000-7f7dd4000000 ---p 00000000 00:00 0 
7f7dd4000000-7f7dd4002000 r--s 0000c000 08:02 923300                     /home/debian/Programas/netbeans-8.2/java/maven/lib/maven-aether-provider-3.0.5.jar
7f7dd4002000-7f7dd4003000 r--s 00002000 08:02 923325                     /home/debian/Programas/netbeans-8.2/java/maven/lib/wagon-file-2.10.jar
7f7dd4003000-7f7dd4005000 r--s 00006000 08:02 923324                     /home/debian/Programas/netbeans-8.2/java/maven/lib/aether-connector-wagon-1.13.1.jar
7f7dd4005000-7f7dd4009000 r--s 00033000 08:02 923320                     /home/debian/Programas/netbeans-8.2/java/maven/lib/plexus-utils-2.0.6.jar
7f7dd4009000-7f7dd400c000 r--s 00008000 08:02 923307                     /home/debian/Programas/netbeans-8.2/java/maven/lib/maven-settings-builder-3.0.5.jar
7f7dd400c000-7f7dd400e000 r--s 0000b000 08:02 923301                     /home/debian/Programas/netbeans-8.2/java/maven/lib/maven-plugin-api-3.0.5.jar
7f7dd400e000-7f7dd4010000 r--s 00000000 08:02 923297                     /home/debian/Programas/netbeans-8.2/java/maven/lib/plexus-component-annotations-1.5.5.jar
7f7dd4010000-7f7dd4012000 r--s 0000a000 08:02 923314                     /home/debian/Programas/netbeans-8.2/java/maven/lib/maven-settings-3.0.5.jar
7f7dd4012000-7f7dd4013000 r--s 00003000 08:02 923327                     /home/debian/Programas/netbeans-8.2/java/maven/lib/aether-spi-1.13.1.jar
7f7dd4013000-7f7dd4019000 r--s 0003f000 08:02 923304                     /home/debian/Programas/netbeans-8.2/java/maven/lib/maven-compat-3.0.5.jar
7f7dd4019000-7f7dd433d000 rw-p 00000000 00:00 0 
7f7dd433d000-7f7dd4517000 r--s 03d6a000 08:02 919113                     /home/debian/Programas/jdk1.8.0_172/jre/lib/rt.jar
7f7dd4517000-7f7dd46fa000 rw-p 00000000 00:00 0 
7f7dd46fa000-7f7dd46fb000 ---p 00000000 00:00 0 
7f7dd46fb000-7f7dd47fb000 rw-p 00000000 00:00 0 
7f7dd47fb000-7f7dd47fc000 ---p 00000000 00:00 0 
7f7dd47fc000-7f7dd48fc000 rw-p 00000000 00:00 0 
7f7dd48fc000-7f7dd48fd000 ---p 00000000 00:00 0 
7f7dd48fd000-7f7dd49fd000 rw-p 00000000 00:00 0 
7f7dd49fd000-7f7dd49fe000 ---p 00000000 00:00 0 
7f7dd49fe000-7f7dd4afe000 rw-p 00000000 00:00 0 
7f7dd4afe000-7f7dd4b12000 rw-p 00000000 00:00 0 
7f7dd4b12000-7f7dd4b13000 ---p 00000000 00:00 0 
7f7dd4b13000-7f7dd4c40000 ---p 00000000 00:00 0 
7f7dd4c40000-7f7dd4c70000 rw-p 00000000 00:00 0 
7f7dd4c70000-7f7dd5000000 ---p 00000000 00:00 0 
7f7dd5000000-7f7dd5be0000 rwxp 00000000 00:00 0 
7f7dd5be0000-7f7de4000000 ---p 00000000 00:00 0 
7f7de4000000-7f7de4fc6000 rw-p 00000000 00:00 0 
7f7de4fc6000-7f7de8000000 ---p 00000000 00:00 0 
7f7de8000000-7f7de8001000 r--s 00002000 08:02 923298                     /home/debian/Programas/netbeans-8.2/java/maven/lib/wagon-http-shared-2.10.jar
7f7de8001000-7f7de8005000 r--s 0001c000 08:02 923299                     /home/debian/Programas/netbeans-8.2/java/maven/lib/aether-util-1.13.1.jar
7f7de8005000-7f7de8009000 r--s 00021000 08:02 923309                     /home/debian/Programas/netbeans-8.2/java/maven/lib/maven-model-builder-3.0.5.jar
7f7de8009000-7f7de8010000 r--s 0002b000 08:02 923318                     /home/debian/Programas/netbeans-8.2/java/maven/lib/sisu-inject-plexus-2.3.0.jar
7f7de8010000-7f7de8012000 r--s 00002000 08:02 923311                     /home/debian/Programas/netbeans-8.2/java/maven/lib/plexus-cipher-1.7.jar
7f7de8012000-7f7de8014000 r--s 00009000 08:02 923305                     /home/debian/Programas/netbeans-8.2/java/maven/lib/commons-cli-1.2.jar
7f7de8014000-7f7de8016000 r--s 00006000 08:02 923315                     /home/debian/Programas/netbeans-8.2/java/maven/lib/maven-repository-metadata-3.0.5.jar
7f7de8016000-7f7de801d000 r--s 0003f000 08:02 923322                     /home/debian/Programas/netbeans-8.2/java/maven/lib/sisu-inject-bean-2.3.0.jar
7f7de801d000-7f7de80e2000 rw-p 00000000 00:00 0 
7f7de80e2000-7f7de80f6000 rw-p 00000000 00:00 0 
7f7de80f6000-7f7de80f7000 ---p 00000000 00:00 0 
7f7de80f7000-7f7de8224000 ---p 00000000 00:00 0 
7f7de8224000-7f7de826b000 rw-p 00000000 00:00 0 
7f7de826b000-7f7de82c5000 ---p 00000000 00:00 0 
7f7de82c5000-7f7de82c6000 rw-p 00000000 00:00 0 
7f7de82c6000-7f7de82e1000 r-xp 00000000 08:02 919860                     /home/debian/Programas/jdk1.8.0_172/jre/lib/amd64/libzip.so
7f7de82e1000-7f7de84e1000 ---p 0001b000 08:02 919860                     /home/debian/Programas/jdk1.8.0_172/jre/lib/amd64/libzip.so
7f7de84e1000-7f7de84e2000 rw-p 0001b000 08:02 919860                     /home/debian/Programas/jdk1.8.0_172/jre/lib/amd64/libzip.so
7f7de84e2000-7f7de84ec000 r-xp 00000000 08:01 665094                     /lib/x86_64-linux-gnu/libnss_files-2.24.so
7f7de84ec000-7f7de86ec000 ---p 0000a000 08:01 665094                     /lib/x86_64-linux-gnu/libnss_files-2.24.so
7f7de86ec000-7f7de86ed000 r--p 0000a000 08:01 665094                     /lib/x86_64-linux-gnu/libnss_files-2.24.so
7f7de86ed000-7f7de86ee000 rw-p 0000b000 08:01 665094                     /lib/x86_64-linux-gnu/libnss_files-2.24.so
7f7de86ee000-7f7de86f4000 rw-p 00000000 00:00 0 
7f7de86f4000-7f7de86ff000 r-xp 00000000 08:01 665096                     /lib/x86_64-linux-gnu/libnss_nis-2.24.so
7f7de86ff000-7f7de88fe000 ---p 0000b000 08:01 665096                     /lib/x86_64-linux-gnu/libnss_nis-2.24.so
7f7de88fe000-7f7de88ff000 r--p 0000a000 08:01 665096                     /lib/x86_64-linux-gnu/libnss_nis-2.24.so
7f7de88ff000-7f7de8900000 rw-p 0000b000 08:01 665096                     /lib/x86_64-linux-gnu/libnss_nis-2.24.so
7f7de8900000-7f7de8914000 r-xp 00000000 08:01 665091                     /lib/x86_64-linux-gnu/libnsl-2.24.so
7f7de8914000-7f7de8b14000 ---p 00014000 08:01 665091                     /lib/x86_64-linux-gnu/libnsl-2.24.so
7f7de8b14000-7f7de8b15000 r--p 00014000 08:01 665091                     /lib/x86_64-linux-gnu/libnsl-2.24.so
7f7de8b15000-7f7de8b16000 rw-p 00015000 08:01 665091                     /lib/x86_64-linux-gnu/libnsl-2.24.so
7f7de8b16000-7f7de8b18000 rw-p 00000000 00:00 0 
7f7de8b18000-7f7de8b1f000 r-xp 00000000 08:01 665092                     /lib/x86_64-linux-gnu/libnss_compat-2.24.so
7f7de8b1f000-7f7de8d1e000 ---p 00007000 08:01 665092                     /lib/x86_64-linux-gnu/libnss_compat-2.24.so
7f7de8d1e000-7f7de8d1f000 r--p 00006000 08:01 665092                     /lib/x86_64-linux-gnu/libnss_compat-2.24.so
7f7de8d1f000-7f7de8d20000 rw-p 00007000 08:01 665092                     /lib/x86_64-linux-gnu/libnss_compat-2.24.so
7f7de8d20000-7f7de8d4b000 r-xp 00000000 08:02 919885                     /home/debian/Programas/jdk1.8.0_172/jre/lib/amd64/libjava.so
7f7de8d4b000-7f7de8f4a000 ---p 0002b000 08:02 919885                     /home/debian/Programas/jdk1.8.0_172/jre/lib/amd64/libjava.so
7f7de8f4a000-7f7de8f4c000 rw-p 0002a000 08:02 919885                     /home/debian/Programas/jdk1.8.0_172/jre/lib/amd64/libjava.so
7f7de8f4c000-7f7de8f59000 r-xp 00000000 08:02 919895                     /home/debian/Programas/jdk1.8.0_172/jre/lib/amd64/libverify.so
7f7de8f59000-7f7de9159000 ---p 0000d000 08:02 919895                     /home/debian/Programas/jdk1.8.0_172/jre/lib/amd64/libverify.so
7f7de9159000-7f7de915b000 rw-p 0000d000 08:02 919895                     /home/debian/Programas/jdk1.8.0_172/jre/lib/amd64/libverify.so
7f7de915b000-7f7de9162000 r-xp 00000000 08:01 665101                     /lib/x86_64-linux-gnu/librt-2.24.so
7f7de9162000-7f7de9361000 ---p 00007000 08:01 665101                     /lib/x86_64-linux-gnu/librt-2.24.so
7f7de9361000-7f7de9362000 r--p 00006000 08:01 665101                     /lib/x86_64-linux-gnu/librt-2.24.so
7f7de9362000-7f7de9363000 rw-p 00007000 08:01 665101                     /lib/x86_64-linux-gnu/librt-2.24.so
7f7de9363000-7f7de9466000 r-xp 00000000 08:01 665088                     /lib/x86_64-linux-gnu/libm-2.24.so
7f7de9466000-7f7de9665000 ---p 00103000 08:01 665088                     /lib/x86_64-linux-gnu/libm-2.24.so
7f7de9665000-7f7de9666000 r--p 00102000 08:01 665088                     /lib/x86_64-linux-gnu/libm-2.24.so
7f7de9666000-7f7de9667000 rw-p 00103000 08:01 665088                     /lib/x86_64-linux-gnu/libm-2.24.so
7f7de9667000-7f7dea343000 r-xp 00000000 08:02 920175                     /home/debian/Programas/jdk1.8.0_172/jre/lib/amd64/server/libjvm.so
7f7dea343000-7f7dea543000 ---p 00cdc000 08:02 920175                     /home/debian/Programas/jdk1.8.0_172/jre/lib/amd64/server/libjvm.so
7f7dea543000-7f7dea61d000 rw-p 00cdc000 08:02 920175                     /home/debian/Programas/jdk1.8.0_172/jre/lib/amd64/server/libjvm.so
7f7dea61d000-7f7dea668000 rw-p 00000000 00:00 0 
7f7dea668000-7f7dea7fd000 r-xp 00000000 08:01 665084                     /lib/x86_64-linux-gnu/libc-2.24.so
7f7dea7fd000-7f7dea9fd000 ---p 00195000 08:01 665084                     /lib/x86_64-linux-gnu/libc-2.24.so
7f7dea9fd000-7f7deaa01000 r--p 00195000 08:01 665084                     /lib/x86_64-linux-gnu/libc-2.24.so
7f7deaa01000-7f7deaa03000 rw-p 00199000 08:01 665084                     /lib/x86_64-linux-gnu/libc-2.24.so
7f7deaa03000-7f7deaa07000 rw-p 00000000 00:00 0 
7f7deaa07000-7f7deaa0a000 r-xp 00000000 08:01 665087                     /lib/x86_64-linux-gnu/libdl-2.24.so
7f7deaa0a000-7f7deac09000 ---p 00003000 08:01 665087                     /lib/x86_64-linux-gnu/libdl-2.24.so
7f7deac09000-7f7deac0a000 r--p 00002000 08:01 665087                     /lib/x86_64-linux-gnu/libdl-2.24.so
7f7deac0a000-7f7deac0b000 rw-p 00003000 08:01 665087                     /lib/x86_64-linux-gnu/libdl-2.24.so
7f7deac0b000-7f7deac21000 r-xp 00000000 08:02 918944                     /home/debian/Programas/jdk1.8.0_172/lib/amd64/jli/libjli.so
7f7deac21000-7f7deae20000 ---p 00016000 08:02 918944                     /home/debian/Programas/jdk1.8.0_172/lib/amd64/jli/libjli.so
7f7deae20000-7f7deae21000 rw-p 00015000 08:02 918944                     /home/debian/Programas/jdk1.8.0_172/lib/amd64/jli/libjli.so
7f7deae21000-7f7deae39000 r-xp 00000000 08:01 665099                     /lib/x86_64-linux-gnu/libpthread-2.24.so
7f7deae39000-7f7deb038000 ---p 00018000 08:01 665099                     /lib/x86_64-linux-gnu/libpthread-2.24.so
7f7deb038000-7f7deb039000 r--p 00017000 08:01 665099                     /lib/x86_64-linux-gnu/libpthread-2.24.so
7f7deb039000-7f7deb03a000 rw-p 00018000 08:01 665099                     /lib/x86_64-linux-gnu/libpthread-2.24.so
7f7deb03a000-7f7deb03e000 rw-p 00000000 00:00 0 
7f7deb03e000-7f7deb061000 r-xp 00000000 08:01 665080                     /lib/x86_64-linux-gnu/ld-2.24.so
7f7deb061000-7f7deb063000 r--s 0000b000 08:02 923316                     /home/debian/Programas/netbeans-8.2/java/maven/lib/maven-artifact-3.0.5.jar
7f7deb063000-7f7deb064000 r--s 0000a000 08:02 923317                     /home/debian/Programas/netbeans-8.2/java/maven/lib/maven-embedder-3.0.5.jar
7f7deb064000-7f7deb066000 r--s 0000d000 08:02 923310                     /home/debian/Programas/netbeans-8.2/java/maven/lib/plexus-interpolation-1.14.jar
7f7deb066000-7f7deb068000 r--s 0000b000 08:02 923302                     /home/debian/Programas/netbeans-8.2/java/maven/lib/wagon-provider-api-2.10.jar
7f7deb068000-7f7deb12d000 rw-p 00000000 00:00 0 
7f7deb12d000-7f7deb130000 ---p 00000000 00:00 0 
7f7deb130000-7f7deb230000 rw-p 00000000 00:00 0 
7f7deb230000-7f7deb232000 r--s 00026000 08:02 923319                     /home/debian/Programas/netbeans-8.2/java/maven/lib/maven-model-3.0.5.jar
7f7deb232000-7f7deb23e000 r--s 0007d000 08:02 923313                     /home/debian/Programas/netbeans-8.2/java/maven/lib/maven-core-3.0.5.jar
7f7deb23e000-7f7deb23f000 r--s 00006000 08:02 923308                     /home/debian/Programas/netbeans-8.2/java/maven/lib/plexus-sec-dispatcher-1.3.jar
7f7deb23f000-7f7deb241000 r--s 0000a000 08:02 923296                     /home/debian/Programas/netbeans-8.2/java/maven/boot/plexus-classworlds-2.4.jar
7f7deb241000-7f7deb254000 rw-p 00000000 00:00 0 
7f7deb254000-7f7deb25c000 rw-s 00000000 08:01 4729163                    /tmp/hsperfdata_debian/21111
7f7deb25c000-7f7deb25d000 rw-p 00000000 00:00 0 
7f7deb25d000-7f7deb25e000 ---p 00000000 00:00 0 
7f7deb25e000-7f7deb261000 rw-p 00000000 00:00 0 
7f7deb261000-7f7deb262000 r--p 00023000 08:01 665080                     /lib/x86_64-linux-gnu/ld-2.24.so
7f7deb262000-7f7deb263000 rw-p 00024000 08:01 665080                     /lib/x86_64-linux-gnu/ld-2.24.so
7f7deb263000-7f7deb264000 rw-p 00000000 00:00 0 
7ffcf793c000-7ffcf795d000 rw-p 00000000 00:00 0                          [stack]
7ffcf797d000-7ffcf797f000 r--p 00000000 00:00 0                          [vvar]
7ffcf797f000-7ffcf7981000 r-xp 00000000 00:00 0                          [vdso]
ffffffffff600000-ffffffffff601000 r-xp 00000000 00:00 0                  [vsyscall]

VM Arguments:
jvm_args: -Dclassworlds.conf=/home/debian/Programas/netbeans-8.2/java/maven/bin/m2.conf -Dmaven.home=/home/debian/Programas/netbeans-8.2/java/maven 
java_command: org.codehaus.plexus.classworlds.launcher.Launcher -Dmaven.ext.class.path=/home/debian/Programas/netbeans-8.2/java/maven-nblib/netbeans-eventspy.jar clean install
java_class_path (initial): /home/debian/Programas/netbeans-8.2/java/maven/boot/plexus-classworlds-2.4.jar
Launcher Type: SUN_STANDARD

Environment Variables:
JAVA_HOME=/home/debian/Programas/jdk1.8.0_172
PATH=/usr/local/bin:/usr/bin:/bin:/usr/local/games:/usr/games
LD_LIBRARY_PATH=/home/debian/Programas/jdk1.8.0_172/jre/lib/amd64:/home/debian/Programas/jdk1.8.0_172/jre/lib/i386:
SHELL=/bin/bash
DISPLAY=:0.0

Signal Handlers:
SIGSEGV: [libjvm.so+0xad2ab0], sa_mask[0]=11111111011111111101111111111110, sa_flags=SA_RESTART|SA_SIGINFO
SIGBUS: [libjvm.so+0xad2ab0], sa_mask[0]=11111111011111111101111111111110, sa_flags=SA_RESTART|SA_SIGINFO
SIGFPE: [libjvm.so+0x92a790], sa_mask[0]=11111111011111111101111111111110, sa_flags=SA_RESTART|SA_SIGINFO
SIGPIPE: [libjvm.so+0x92a790], sa_mask[0]=11111111011111111101111111111110, sa_flags=SA_RESTART|SA_SIGINFO
SIGXFSZ: [libjvm.so+0x92a790], sa_mask[0]=11111111011111111101111111111110, sa_flags=SA_RESTART|SA_SIGINFO
SIGILL: [libjvm.so+0x92a790], sa_mask[0]=11111111011111111101111111111110, sa_flags=SA_RESTART|SA_SIGINFO
SIGUSR1: SIG_DFL, sa_mask[0]=00000000000000000000000000000000, sa_flags=none
SIGUSR2: [libjvm.so+0x92bff0], sa_mask[0]=00100000000000000000000000000000, sa_flags=SA_RESTART|SA_SIGINFO
SIGHUP: [libjvm.so+0x92d3f0], sa_mask[0]=11111111011111111101111111111110, sa_flags=SA_RESTART|SA_SIGINFO
SIGINT: SIG_IGN, sa_mask[0]=00000000000000000000000000000000, sa_flags=none
SIGTERM: [libjvm.so+0x92d3f0], sa_mask[0]=11111111011111111101111111111110, sa_flags=SA_RESTART|SA_SIGINFO
SIGQUIT: [libjvm.so+0x92d3f0], sa_mask[0]=11111111011111111101111111111110, sa_flags=SA_RESTART|SA_SIGINFO


---------------  S Y S T E M  ---------------

OS:PRETTY_NAME="Debian GNU/Linux 9 (stretch)"
NAME="Debian GNU/Linux"
VERSION_ID="9"
VERSION="9 (stretch)"
ID=debian
HOME_URL="https://www.debian.org/"
SUPPORT_URL="https://www.debian.org/support"
BUG_REPORT_URL="https://bugs.debian.org/"

uname:Linux 4.9.0-7-amd64 #1 SMP Debian 4.9.110-3+deb9u2 (2018-08-13) x86_64
libc:glibc 2.24 NPTL 2.24 
rlimit: STACK 8192k, CORE 0k, NPROC 15364, NOFILE 1048576, AS infinity
load average:3,43 2,03 1,48

/proc/meminfo:
MemTotal:        3956572 kB
MemFree:           84576 kB
MemAvailable:       8088 kB
Buffers:            1840 kB
Cached:           157956 kB
SwapCached:         1624 kB
Active:          2931744 kB
Inactive:         605700 kB
Active(anon):    2907928 kB
Inactive(anon):   581548 kB
Active(file):      23816 kB
Inactive(file):    24152 kB
Unevictable:          64 kB
Mlocked:              64 kB
SwapTotal:       3905532 kB
SwapFree:              0 kB
Dirty:                 8 kB
Writeback:             0 kB
AnonPages:       3377172 kB
Mapped:            79920 kB
Shmem:            111600 kB
Slab:             104832 kB
SReclaimable:      35268 kB
SUnreclaim:        69564 kB
KernelStack:       23344 kB
PageTables:       127376 kB
NFS_Unstable:          0 kB
Bounce:                0 kB
WritebackTmp:          0 kB
CommitLimit:     5883816 kB
Committed_AS:   21289456 kB
VmallocTotal:   34359738367 kB
VmallocUsed:           0 kB
VmallocChunk:          0 kB
HardwareCorrupted:     0 kB
AnonHugePages:         0 kB
ShmemHugePages:        0 kB
ShmemPmdMapped:        0 kB
HugePages_Total:       0
HugePages_Free:        0
HugePages_Rsvd:        0
HugePages_Surp:        0
Hugepagesize:       2048 kB
DirectMap4k:      262824 kB
DirectMap2M:     3837952 kB


CPU:total 4 (initial active 4) (2 cores per cpu, 2 threads per core) family 6 model 42 stepping 7, cmov, cx8, fxsr, mmx, sse, sse2, sse3, ssse3, sse4.1, sse4.2, popcnt, avx, clmul, ht, tsc, tscinvbit

/proc/cpuinfo:
processor	: 0
vendor_id	: GenuineIntel
cpu family	: 6
model		: 42
model name	: Intel(R) Core(TM) i3-2310M CPU @ 2.10GHz
stepping	: 7
microcode	: 0x1b
cpu MHz		: 799.932
cache size	: 3072 KB
physical id	: 0
siblings	: 4
core id		: 0
cpu cores	: 2
apicid		: 0
initial apicid	: 0
fpu		: yes
fpu_exception	: yes
cpuid level	: 13
wp		: yes
flags		: fpu vme de pse tsc msr pae mce cx8 apic sep mtrr pge mca cmov pat pse36 clflush dts acpi mmx fxsr sse sse2 ss ht tm pbe syscall nx rdtscp lm constant_tsc arch_perfmon pebs bts rep_good nopl xtopology nonstop_tsc aperfmperf pni pclmulqdq dtes64 monitor ds_cpl vmx est tm2 ssse3 cx16 xtpr pdcm pcid sse4_1 sse4_2 x2apic popcnt tsc_deadline_timer xsave avx lahf_lm epb kaiser tpr_shadow vnmi flexpriority ept vpid xsaveopt dtherm arat pln pts
bugs		: cpu_meltdown spectre_v1 spectre_v2 spec_store_bypass
bogomips	: 4190.65
clflush size	: 64
cache_alignment	: 64
address sizes	: 36 bits physical, 48 bits virtual
power management:

processor	: 1
vendor_id	: GenuineIntel
cpu family	: 6
model		: 42
model name	: Intel(R) Core(TM) i3-2310M CPU @ 2.10GHz
stepping	: 7
microcode	: 0x1b
cpu MHz		: 799.932
cache size	: 3072 KB
physical id	: 0
siblings	: 4
core id		: 1
cpu cores	: 2
apicid		: 2
initial apicid	: 2
fpu		: yes
fpu_exception	: yes
cpuid level	: 13
wp		: yes
flags		: fpu vme de pse tsc msr pae mce cx8 apic sep mtrr pge mca cmov pat pse36 clflush dts acpi mmx fxsr sse sse2 ss ht tm pbe syscall nx rdtscp lm constant_tsc arch_perfmon pebs bts rep_good nopl xtopology nonstop_tsc aperfmperf pni pclmulqdq dtes64 monitor ds_cpl vmx est tm2 ssse3 cx16 xtpr pdcm pcid sse4_1 sse4_2 x2apic popcnt tsc_deadline_timer xsave avx lahf_lm epb kaiser tpr_shadow vnmi flexpriority ept vpid xsaveopt dtherm arat pln pts
bugs		: cpu_meltdown spectre_v1 spectre_v2 spec_store_bypass
bogomips	: 4190.65
clflush size	: 64
cache_alignment	: 64
address sizes	: 36 bits physical, 48 bits virtual
power management:

processor	: 2
vendor_id	: GenuineIntel
cpu family	: 6
model		: 42
model name	: Intel(R) Core(TM) i3-2310M CPU @ 2.10GHz
stepping	: 7
microcode	: 0x1b
cpu MHz		: 799.932
cache size	: 3072 KB
physical id	: 0
siblings	: 4
core id		: 0
cpu cores	: 2
apicid		: 1
initial apicid	: 1
fpu		: yes
fpu_exception	: yes
cpuid level	: 13
wp		: yes
flags		: fpu vme de pse tsc msr pae mce cx8 apic sep mtrr pge mca cmov pat pse36 clflush dts acpi mmx fxsr sse sse2 ss ht tm pbe syscall nx rdtscp lm constant_tsc arch_perfmon pebs bts rep_good nopl xtopology nonstop_tsc aperfmperf pni pclmulqdq dtes64 monitor ds_cpl vmx est tm2 ssse3 cx16 xtpr pdcm pcid sse4_1 sse4_2 x2apic popcnt tsc_deadline_timer xsave avx lahf_lm epb kaiser tpr_shadow vnmi flexpriority ept vpid xsaveopt dtherm arat pln pts
bugs		: cpu_meltdown spectre_v1 spectre_v2 spec_store_bypass
bogomips	: 4190.65
clflush size	: 64
cache_alignment	: 64
address sizes	: 36 bits physical, 48 bits virtual
power management:

processor	: 3
vendor_id	: GenuineIntel
cpu family	: 6
model		: 42
model name	: Intel(R) Core(TM) i3-2310M CPU @ 2.10GHz
stepping	: 7
microcode	: 0x1b
cpu MHz		: 799.932
cache size	: 3072 KB
physical id	: 0
siblings	: 4
core id		: 1
cpu cores	: 2
apicid		: 3
initial apicid	: 3
fpu		: yes
fpu_exception	: yes
cpuid level	: 13
wp		: yes
flags		: fpu vme de pse tsc msr pae mce cx8 apic sep mtrr pge mca cmov pat pse36 clflush dts acpi mmx fxsr sse sse2 ss ht tm pbe syscall nx rdtscp lm constant_tsc arch_perfmon pebs bts rep_good nopl xtopology nonstop_tsc aperfmperf pni pclmulqdq dtes64 monitor ds_cpl vmx est tm2 ssse3 cx16 xtpr pdcm pcid sse4_1 sse4_2 x2apic popcnt tsc_deadline_timer xsave avx lahf_lm epb kaiser tpr_shadow vnmi flexpriority ept vpid xsaveopt dtherm arat pln pts
bugs		: cpu_meltdown spectre_v1 spectre_v2 spec_store_bypass
bogomips	: 4190.65
clflush size	: 64
cache_alignment	: 64
address sizes	: 36 bits physical, 48 bits virtual
power management:



Memory: 4k page, physical 3956572k(84408k free), swap 3905532k(0k free)

vm_info: Java HotSpot(TM) 64-Bit Server VM (25.172-b11) for linux-amd64 JRE (1.8.0_172-b11), built on Mar 28 2018 21:44:09 by "java_re" with gcc 4.3.0 20080428 (Red Hat 4.3.0-8)

time: Tue Aug 21 18:54:42 2018
elapsed time: 22 seconds (0d 0h 0m 22s)

